<?xml version="1.0" encoding="UTF-8"?>
<!-- Generated by org.testng.reporters.JUnitReportReporter -->
<testsuite skipped="0" hostname="DESKTOP-APKP2PU" name="Runner.TestRunner_LoginPage" tests="1" failures="1" timestamp="29 Jan 2020 17:36:56 GMT" time="13.246" errors="0">
  <testcase name="feature" time="13.246" classname="Runner.TestRunner_LoginPage">
    <failure type="java.lang.AssertionError" message="null">
      <![CDATA[java.lang.AssertionError: null
at org.testng.Assert.fail(Assert.java:96)
at org.testng.Assert.fail(Assert.java:103)
at StepDefintions.AkashLoginSteps.user_succesfully_logins_into_the_application(AkashLoginSteps.java:107)
at âœ½.User succesfully logins into the application(src/test/resources/Features/AkashLogin.feature:12)
]]>
    </failure>
  </testcase> <!-- feature -->
</testsuite> <!-- Runner.TestRunner_LoginPage -->
